{"level":"INFO","time":"2025-03-29T19:26:30.774+0800","caller":"logger/logger.go:72","msg":"/","status":404,"method":"GET","path":"/","query":"","ip":"::1","user-agent":"Mozilla/5.0 (Windows NT 10.0; Win64; x64) AppleWebKit/537.36 (KHTML, like Gecko) Chrome/134.0.0.0 Safari/537.36 Edg/134.0.0.0","errors":"","cost":0}
{"level":"ERROR","time":"2025-03-29T19:26:39.077+0800","caller":"controller/user.go:22","msg":"SignUp with invalid param","error":"EOF"}
{"level":"INFO","time":"2025-03-29T19:26:39.077+0800","caller":"logger/logger.go:72","msg":"/signup","status":200,"method":"GET","path":"/signup","query":"","ip":"::1","user-agent":"Mozilla/5.0 (Windows NT 10.0; Win64; x64) AppleWebKit/537.36 (KHTML, like Gecko) Chrome/134.0.0.0 Safari/537.36 Edg/134.0.0.0","errors":"","cost":0}
{"level":"INFO","time":"2025-03-29T19:30:25.362+0800","caller":"logger/logger.go:72","msg":"/signup","status":200,"method":"GET","path":"/signup","query":"","ip":"::1","user-agent":"PostmanRuntime/7.29.0","errors":"","cost":0.000506}
{"level":"INFO","time":"2025-03-29T19:39:17.733+0800","caller":"logger/logger.go:72","msg":"/signup","status":200,"method":"GET","path":"/signup","query":"","ip":"::1","user-agent":"PostmanRuntime/7.29.0","errors":"","cost":0}
{"level":"ERROR","time":"2025-03-29T19:39:29.167+0800","caller":"controller/user.go:30","msg":"SignUp with invalid param"}
{"level":"INFO","time":"2025-03-29T19:39:29.184+0800","caller":"logger/logger.go:72","msg":"/signup","status":200,"method":"GET","path":"/signup","query":"","ip":"::1","user-agent":"PostmanRuntime/7.29.0","errors":"","cost":0.017922}
{"level":"ERROR","time":"2025-03-29T19:41:28.973+0800","caller":"controller/user.go:30","msg":"SignUp with invalid param"}
{"level":"INFO","time":"2025-03-29T19:41:28.974+0800","caller":"logger/logger.go:72","msg":"/signup","status":200,"method":"GET","path":"/signup","query":"","ip":"::1","user-agent":"PostmanRuntime/7.29.0","errors":"","cost":0.0005411}
{"level":"ERROR","time":"2025-03-29T19:43:31.669+0800","caller":"controller/user.go:30","msg":"SignUp with invalid param"}
{"level":"INFO","time":"2025-03-29T19:43:31.670+0800","caller":"logger/logger.go:72","msg":"/signup","status":200,"method":"GET","path":"/signup","query":"","ip":"::1","user-agent":"PostmanRuntime/7.29.0","errors":"","cost":0.0005064}
{"level":"ERROR","time":"2025-03-29T19:43:34.844+0800","caller":"controller/user.go:30","msg":"SignUp with invalid param"}
{"level":"INFO","time":"2025-03-29T19:43:34.844+0800","caller":"logger/logger.go:72","msg":"/signup","status":200,"method":"GET","path":"/signup","query":"","ip":"::1","user-agent":"PostmanRuntime/7.29.0","errors":"","cost":0}
{"level":"ERROR","time":"2025-03-29T19:43:50.560+0800","caller":"controller/user.go:30","msg":"SignUp with invalid param"}
{"level":"INFO","time":"2025-03-29T19:43:50.576+0800","caller":"logger/logger.go:72","msg":"/signup","status":200,"method":"GET","path":"/signup","query":"","ip":"::1","user-agent":"PostmanRuntime/7.29.0","errors":"","cost":0.0155187}
{"level":"ERROR","time":"2025-03-29T19:47:21.024+0800","caller":"controller/user.go:30","msg":"SignUp with invalid param"}
{"level":"INFO","time":"2025-03-29T19:47:21.024+0800","caller":"logger/logger.go:72","msg":"/signup","status":200,"method":"GET","path":"/signup","query":"","ip":"::1","user-agent":"PostmanRuntime/7.29.0","errors":"","cost":0.000508}
{"level":"ERROR","time":"2025-03-29T19:47:43.531+0800","caller":"controller/user.go:30","msg":"SignUp with invalid param"}
{"level":"INFO","time":"2025-03-29T19:47:43.531+0800","caller":"logger/logger.go:72","msg":"/signup","status":200,"method":"GET","path":"/signup","query":"","ip":"::1","user-agent":"PostmanRuntime/7.29.0","errors":"","cost":0}
{"level":"ERROR","time":"2025-03-29T19:50:46.986+0800","caller":"controller/user.go:22","msg":"SignUp with invalid param","error":"EOF"}
{"level":"INFO","time":"2025-03-29T19:50:46.986+0800","caller":"logger/logger.go:72","msg":"/signup","status":200,"method":"GET","path":"/signup","query":"","ip":"::1","user-agent":"Mozilla/5.0 (Windows NT 10.0; Win64; x64) AppleWebKit/537.36 (KHTML, like Gecko) Chrome/134.0.0.0 Safari/537.36 Edg/134.0.0.0","errors":"","cost":0}
{"level":"ERROR","time":"2025-03-29T19:50:47.815+0800","caller":"controller/user.go:22","msg":"SignUp with invalid param","error":"EOF"}
{"level":"INFO","time":"2025-03-29T19:50:47.815+0800","caller":"logger/logger.go:72","msg":"/signup","status":200,"method":"GET","path":"/signup","query":"","ip":"::1","user-agent":"Mozilla/5.0 (Windows NT 10.0; Win64; x64) AppleWebKit/537.36 (KHTML, like Gecko) Chrome/134.0.0.0 Safari/537.36 Edg/134.0.0.0","errors":"","cost":0}
{"level":"ERROR","time":"2025-03-29T19:50:48.057+0800","caller":"controller/user.go:22","msg":"SignUp with invalid param","error":"EOF"}
{"level":"INFO","time":"2025-03-29T19:50:48.057+0800","caller":"logger/logger.go:72","msg":"/signup","status":200,"method":"GET","path":"/signup","query":"","ip":"::1","user-agent":"Mozilla/5.0 (Windows NT 10.0; Win64; x64) AppleWebKit/537.36 (KHTML, like Gecko) Chrome/134.0.0.0 Safari/537.36 Edg/134.0.0.0","errors":"","cost":0}
{"level":"ERROR","time":"2025-03-29T19:50:48.425+0800","caller":"controller/user.go:22","msg":"SignUp with invalid param","error":"EOF"}
{"level":"INFO","time":"2025-03-29T19:50:48.425+0800","caller":"logger/logger.go:72","msg":"/signup","status":200,"method":"GET","path":"/signup","query":"","ip":"::1","user-agent":"Mozilla/5.0 (Windows NT 10.0; Win64; x64) AppleWebKit/537.36 (KHTML, like Gecko) Chrome/134.0.0.0 Safari/537.36 Edg/134.0.0.0","errors":"","cost":0}
{"level":"ERROR","time":"2025-03-29T19:57:08.480+0800","caller":"controller/user.go:30","msg":"SignUp with invalid param"}
{"level":"INFO","time":"2025-03-29T19:57:08.480+0800","caller":"logger/logger.go:72","msg":"/signup","status":200,"method":"GET","path":"/signup","query":"","ip":"::1","user-agent":"PostmanRuntime/7.29.0","errors":"","cost":0}
{"level":"ERROR","time":"2025-03-29T19:58:58.089+0800","caller":"controller/user.go:30","msg":"SignUp with invalid param"}
{"level":"INFO","time":"2025-03-29T19:58:58.089+0800","caller":"logger/logger.go:72","msg":"/signup","status":200,"method":"GET","path":"/signup","query":"","ip":"::1","user-agent":"PostmanRuntime/7.29.0","errors":"","cost":0}
{"level":"INFO","time":"2025-03-29T20:00:15.781+0800","caller":"logger/logger.go:72","msg":"/signup","status":200,"method":"GET","path":"/signup","query":"","ip":"::1","user-agent":"PostmanRuntime/7.29.0","errors":"","cost":0.0005325}
{"level":"ERROR","time":"2025-03-29T20:00:22.713+0800","caller":"controller/user.go:32","msg":"SignUp with invalid param"}
{"level":"INFO","time":"2025-03-29T20:00:22.713+0800","caller":"logger/logger.go:72","msg":"/signup","status":200,"method":"GET","path":"/signup","query":"","ip":"::1","user-agent":"PostmanRuntime/7.29.0","errors":"","cost":0}
{"level":"INFO","time":"2025-03-29T20:10:51.025+0800","caller":"logger/logger.go:72","msg":"/signup","status":200,"method":"GET","path":"/signup","query":"","ip":"::1","user-agent":"PostmanRuntime/7.29.0","errors":"","cost":0.0005601}
{"level":"ERROR","time":"2025-03-29T20:16:44.549+0800","caller":"controller/user.go:23","msg":"SignUp with invalid param","error":"invalid character '}' looking for beginning of object key string"}
{"level":"INFO","time":"2025-03-29T20:16:44.549+0800","caller":"logger/logger.go:72","msg":"/signup","status":200,"method":"GET","path":"/signup","query":"","ip":"::1","user-agent":"PostmanRuntime/7.29.0","errors":"","cost":0}
{"level":"INFO","time":"2025-03-29T20:16:53.066+0800","caller":"logger/logger.go:72","msg":"/signup","status":200,"method":"GET","path":"/signup","query":"","ip":"::1","user-agent":"PostmanRuntime/7.29.0","errors":"","cost":0}
{"level":"INFO","time":"2025-03-29T20:17:02.877+0800","caller":"logger/logger.go:72","msg":"/signup","status":200,"method":"GET","path":"/signup","query":"","ip":"::1","user-agent":"PostmanRuntime/7.29.0","errors":"","cost":0}
{"level":"ERROR","time":"2025-03-29T20:18:57.651+0800","caller":"controller/user.go:23","msg":"SignUp with invalid param","error":"Key: 'ParamSignUp.RePassword' Error:Field validation for 'RePassword' failed on the 'required' tag"}
{"level":"INFO","time":"2025-03-29T20:18:57.668+0800","caller":"logger/logger.go:72","msg":"/signup","status":200,"method":"GET","path":"/signup","query":"","ip":"::1","user-agent":"PostmanRuntime/7.29.0","errors":"","cost":0.0176379}
{"level":"ERROR","time":"2025-03-29T20:19:05.043+0800","caller":"controller/user.go:23","msg":"SignUp with invalid param","error":"Key: 'ParamSignUp.RePassword' Error:Field validation for 'RePassword' failed on the 'required' tag"}
{"level":"INFO","time":"2025-03-29T20:19:05.043+0800","caller":"logger/logger.go:72","msg":"/signup","status":200,"method":"GET","path":"/signup","query":"","ip":"::1","user-agent":"PostmanRuntime/7.29.0","errors":"","cost":0}
{"level":"ERROR","time":"2025-03-29T20:22:50.623+0800","caller":"controller/user.go:23","msg":"SignUp with invalid param","error":"Key: 'ParamSignUp.RePassword' Error:Field validation for 'RePassword' failed on the 'required' tag"}
{"level":"INFO","time":"2025-03-29T20:22:50.623+0800","caller":"logger/logger.go:72","msg":"/signup","status":200,"method":"GET","path":"/signup","query":"","ip":"::1","user-agent":"PostmanRuntime/7.29.0","errors":"","cost":0}
{"level":"ERROR","time":"2025-03-29T20:22:55.020+0800","caller":"controller/user.go:23","msg":"SignUp with invalid param","error":"Key: 'ParamSignUp.RePassword' Error:Field validation for 'RePassword' failed on the 'required' tag"}
{"level":"INFO","time":"2025-03-29T20:22:55.020+0800","caller":"logger/logger.go:72","msg":"/signup","status":200,"method":"GET","path":"/signup","query":"","ip":"::1","user-agent":"PostmanRuntime/7.29.0","errors":"","cost":0}
{"level":"ERROR","time":"2025-03-29T20:23:07.999+0800","caller":"controller/user.go:23","msg":"SignUp with invalid param","error":"Key: 'ParamSignUp.RePassword' Error:Field validation for 'RePassword' failed on the 'required' tag"}
{"level":"INFO","time":"2025-03-29T20:23:08.015+0800","caller":"logger/logger.go:72","msg":"/signup","status":200,"method":"GET","path":"/signup","query":"","ip":"::1","user-agent":"PostmanRuntime/7.29.0","errors":"","cost":0.015559}
{"level":"ERROR","time":"2025-03-29T22:31:27.002+0800","caller":"controller/user.go:25","msg":"SignUp with invalid param","error":"Key: 'ParamSignUp.RePassword' Error:Field validation for 'RePassword' failed on the 'required' tag"}
{"level":"INFO","time":"2025-03-29T22:31:27.028+0800","caller":"logger/logger.go:72","msg":"/signup","status":200,"method":"GET","path":"/signup","query":"","ip":"::1","user-agent":"PostmanRuntime/7.29.0","errors":"","cost":0.0267924}
{"level":"ERROR","time":"2025-03-29T22:34:33.450+0800","caller":"controller/user.go:25","msg":"SignUp with invalid param","error":"Key: 'ParamSignUp.rePassword' Error:Field validation for 'rePassword' failed on the 'required' tag"}
{"level":"INFO","time":"2025-03-29T22:34:33.477+0800","caller":"logger/logger.go:72","msg":"/signup","status":200,"method":"GET","path":"/signup","query":"","ip":"::1","user-agent":"PostmanRuntime/7.29.0","errors":"","cost":0.0285605}
{"level":"ERROR","time":"2025-03-29T22:35:22.003+0800","caller":"controller/user.go:25","msg":"SignUp with invalid param","error":"Key: 'ParamSignUp.rePassword' Error:Field validation for 'rePassword' failed on the 'required' tag"}
{"level":"INFO","time":"2025-03-29T22:35:22.003+0800","caller":"logger/logger.go:72","msg":"/signup","status":200,"method":"GET","path":"/signup","query":"","ip":"::1","user-agent":"PostmanRuntime/7.29.0","errors":"","cost":0}
{"level":"ERROR","time":"2025-03-29T22:35:35.003+0800","caller":"controller/user.go:25","msg":"SignUp with invalid param","error":"Key: 'ParamSignUp.re_password' Error:Field validation for 're_password' failed on the 'required' tag"}
{"level":"INFO","time":"2025-03-29T22:35:35.039+0800","caller":"logger/logger.go:72","msg":"/signup","status":200,"method":"GET","path":"/signup","query":"","ip":"::1","user-agent":"PostmanRuntime/7.29.0","errors":"","cost":0.0360652}
{"level":"ERROR","time":"2025-03-29T22:35:50.850+0800","caller":"controller/user.go:25","msg":"SignUp with invalid param","error":"Key: 'ParamSignUp.password' Error:Field validation for 'password' failed on the 'required' tag"}
{"level":"INFO","time":"2025-03-29T22:35:50.850+0800","caller":"logger/logger.go:72","msg":"/signup","status":200,"method":"GET","path":"/signup","query":"","ip":"::1","user-agent":"PostmanRuntime/7.29.0","errors":"","cost":0}
{"level":"ERROR","time":"2025-03-29T22:40:51.923+0800","caller":"controller/user.go:25","msg":"SignUp with invalid param","error":"Key: 'ParamSignUp.password' Error:Field validation for 'password' failed on the 'required' tag"}
{"level":"INFO","time":"2025-03-29T22:40:51.950+0800","caller":"logger/logger.go:72","msg":"/signup","status":200,"method":"GET","path":"/signup","query":"","ip":"::1","user-agent":"PostmanRuntime/7.29.0","errors":"","cost":0.0271845}
{"level":"ERROR","time":"2025-03-29T22:45:27.008+0800","caller":"controller/user.go:25","msg":"SignUp with invalid param","error":"Key: 'ParamSignUp.re_password' Error:Field validation for 're_password' failed on the 'eqfield' tag"}
{"level":"INFO","time":"2025-03-29T22:45:27.034+0800","caller":"logger/logger.go:72","msg":"/signup","status":200,"method":"GET","path":"/signup","query":"","ip":"::1","user-agent":"PostmanRuntime/7.29.0","errors":"","cost":0.0264768}
{"level":"ERROR","time":"2025-03-29T22:46:10.439+0800","caller":"controller/user.go:25","msg":"SignUp with invalid param","error":"Key: 'ParamSignUp.re_password' Error:Field validation for 're_password' failed on the 'eqfield' tag"}
{"level":"INFO","time":"2025-03-29T22:46:10.465+0800","caller":"logger/logger.go:72","msg":"/signup","status":200,"method":"GET","path":"/signup","query":"","ip":"::1","user-agent":"PostmanRuntime/7.29.0","errors":"","cost":0.0273385}
{"level":"ERROR","time":"2025-03-30T02:36:49.889+0800","caller":"controller/user.go:25","msg":"SignUp with invalid param","error":"Key: 'ParamSignUp.re_password' Error:Field validation for 're_password' failed on the 'eqfield' tag"}
{"level":"INFO","time":"2025-03-30T02:36:49.925+0800","caller":"logger/logger.go:72","msg":"/signup","status":200,"method":"GET","path":"/signup","query":"","ip":"::1","user-agent":"PostmanRuntime/7.29.0","errors":"","cost":0.0360554}
{"level":"INFO","time":"2025-03-30T02:39:00.682+0800","caller":"logger/logger.go:72","msg":"/signup","status":200,"method":"GET","path":"/signup","query":"","ip":"::1","user-agent":"PostmanRuntime/7.29.0","errors":"","cost":0.0120505}
{"level":"INFO","time":"2025-03-30T02:42:09.699+0800","caller":"logger/logger.go:72","msg":"/signup","status":200,"method":"GET","path":"/signup","query":"","ip":"::1","user-agent":"PostmanRuntime/7.29.0","errors":"","cost":0.004721}
{"level":"ERROR","time":"2025-03-30T02:45:08.784+0800","caller":"controller/user.go:25","msg":"SignUp with invalid param","error":"Key: 'ParamSignUp.re_password' Error:Field validation for 're_password' failed on the 'eqfield' tag"}
{"level":"INFO","time":"2025-03-30T02:45:08.818+0800","caller":"logger/logger.go:72","msg":"/signup","status":200,"method":"GET","path":"/signup","query":"","ip":"::1","user-agent":"PostmanRuntime/7.29.0","errors":"","cost":0.0337166}
{"level":"ERROR","time":"2025-03-30T02:45:34.952+0800","caller":"controller/user.go:25","msg":"SignUp with invalid param","error":"Key: 'ParamSignUp.re_password' Error:Field validation for 're_password' failed on the 'eqfield' tag"}
{"level":"INFO","time":"2025-03-30T02:45:34.952+0800","caller":"logger/logger.go:72","msg":"/signup","status":200,"method":"GET","path":"/signup","query":"","ip":"::1","user-agent":"PostmanRuntime/7.29.0","errors":"","cost":0}
{"level":"ERROR","time":"2025-03-30T02:45:40.372+0800","caller":"controller/user.go:25","msg":"SignUp with invalid param","error":"Key: 'ParamSignUp.re_password' Error:Field validation for 're_password' failed on the 'eqfield' tag"}
{"level":"INFO","time":"2025-03-30T02:45:40.372+0800","caller":"logger/logger.go:72","msg":"/signup","status":200,"method":"GET","path":"/signup","query":"","ip":"::1","user-agent":"PostmanRuntime/7.29.0","errors":"","cost":0.0035567}
{"level":"INFO","time":"2025-03-30T02:45:53.440+0800","caller":"logger/logger.go:72","msg":"/signup","status":200,"method":"GET","path":"/signup","query":"","ip":"::1","user-agent":"PostmanRuntime/7.29.0","errors":"","cost":0.0220662}
{"level":"INFO","time":"2025-03-30T02:47:14.155+0800","caller":"logger/logger.go:72","msg":"/signup","status":200,"method":"GET","path":"/signup","query":"","ip":"::1","user-agent":"PostmanRuntime/7.29.0","errors":"","cost":0.0030528}
{"level":"INFO","time":"2025-03-30T02:47:45.798+0800","caller":"logger/logger.go:72","msg":"/signup","status":200,"method":"GET","path":"/signup","query":"","ip":"::1","user-agent":"PostmanRuntime/7.29.0","errors":"","cost":0.0487808}
{"level":"ERROR","time":"2025-03-30T11:07:59.028+0800","caller":"mysql/mysql.go:26","msg":"connect DB failed","error":"dial tcp 127.0.0.1:3306: connectex: No connection could be made because the target machine actively refused it."}
{"level":"INFO","time":"2025-03-30T11:13:34.893+0800","caller":"logger/logger.go:81","msg":"/signup","status":200,"method":"GET","path":"/signup","query":"","ip":"::1","user-agent":"PostmanRuntime/7.29.0","errors":"","cost":0.0071639}
{"level":"ERROR","time":"2025-03-30T11:18:54.202+0800","caller":"controller/user.go:25","msg":"SignUp with invalid param","error":"Key: 'ParamSignUp.re_password' Error:Field validation for 're_password' failed on the 'eqfield' tag"}
{"level":"INFO","time":"2025-03-30T11:18:54.202+0800","caller":"logger/logger.go:81","msg":"/signup","status":200,"method":"GET","path":"/signup","query":"","ip":"::1","user-agent":"PostmanRuntime/7.29.0","errors":"","cost":0}
{"level":"ERROR","time":"2025-03-30T11:21:21.292+0800","caller":"controller/user.go:25","msg":"SignUp with invalid param","error":"Key: 'ParamSignUp.re_password' Error:Field validation for 're_password' failed on the 'eqfield' tag"}
{"level":"INFO","time":"2025-03-30T11:21:21.292+0800","caller":"logger/logger.go:81","msg":"/signup","status":200,"method":"GET","path":"/signup","query":"","ip":"::1","user-agent":"PostmanRuntime/7.29.0","errors":"","cost":0}
{"level":"ERROR","time":"2025-03-30T11:45:00.356+0800","caller":"controller/user.go:25","msg":"SignUp with invalid param","error":"Key: 'ParamSignUp.re_password' Error:Field validation for 're_password' failed on the 'eqfield' tag"}
{"level":"INFO","time":"2025-03-30T11:45:00.356+0800","caller":"logger/logger.go:81","msg":"/signup","status":200,"method":"GET","path":"/signup","query":"","ip":"::1","user-agent":"PostmanRuntime/7.43.3","errors":"","cost":0}
{"level":"INFO","time":"2025-03-30T11:47:22.269+0800","caller":"logger/logger.go:81","msg":"/signup","status":200,"method":"GET","path":"/signup","query":"","ip":"::1","user-agent":"PostmanRuntime/7.43.3","errors":"","cost":0.01356}
{"level":"INFO","time":"2025-03-30T11:47:26.944+0800","caller":"logger/logger.go:81","msg":"/signup","status":200,"method":"GET","path":"/signup","query":"","ip":"::1","user-agent":"PostmanRuntime/7.43.3","errors":"","cost":0.0033576}
{"level":"ERROR","time":"2025-03-30T22:16:02.329+0800","caller":"controller/user.go:68","msg":"Login with invalid param","error":"Key: 'ParamLogin.password' Error:Field validation for 'password' failed on the 'required' tag"}
{"level":"INFO","time":"2025-03-30T22:16:02.363+0800","caller":"logger/logger.go:81","msg":"/login","status":200,"method":"POST","path":"/login","query":"","ip":"::1","user-agent":"PostmanRuntime/7.43.3","errors":"","cost":0.0340658}
{"level":"ERROR","time":"2025-03-30T22:16:33.314+0800","caller":"controller/user.go:85","msg":"logic.Login failed","error":"用户不存在"}
{"level":"INFO","time":"2025-03-30T22:16:33.314+0800","caller":"logger/logger.go:81","msg":"/login","status":200,"method":"POST","path":"/login","query":"","ip":"::1","user-agent":"PostmanRuntime/7.43.3","errors":"","cost":0.0182204}
{"level":"INFO","time":"2025-03-30T22:16:41.121+0800","caller":"logger/logger.go:81","msg":"/login","status":200,"method":"POST","path":"/login","query":"","ip":"::1","user-agent":"PostmanRuntime/7.43.3","errors":"","cost":0.0043181}
{"level":"ERROR","time":"2025-03-30T22:16:44.820+0800","caller":"controller/user.go:85","msg":"logic.Login failed","error":"密码错误"}
{"level":"INFO","time":"2025-03-30T22:16:44.820+0800","caller":"logger/logger.go:81","msg":"/login","status":200,"method":"POST","path":"/login","query":"","ip":"::1","user-agent":"PostmanRuntime/7.43.3","errors":"","cost":0.0030622}
{"level":"INFO","time":"2025-03-30T22:16:48.774+0800","caller":"logger/logger.go:81","msg":"/login","status":200,"method":"POST","path":"/login","query":"","ip":"::1","user-agent":"PostmanRuntime/7.43.3","errors":"","cost":0.0023642}
{"level":"ERROR","time":"2025-03-30T22:17:32.233+0800","caller":"controller/user.go:85","msg":"logic.Login failed","error":"用户不存在"}
{"level":"INFO","time":"2025-03-30T22:17:32.233+0800","caller":"logger/logger.go:81","msg":"/login","status":200,"method":"POST","path":"/login","query":"","ip":"::1","user-agent":"PostmanRuntime/7.43.3","errors":"","cost":0.0044406}
{"level":"ERROR","time":"2025-03-30T22:20:33.556+0800","caller":"controller/user.go:85","msg":"logic.Login failed","username":"TingyuSleep1","error":"用户不存在"}
{"level":"INFO","time":"2025-03-30T22:20:33.582+0800","caller":"logger/logger.go:81","msg":"/login","status":200,"method":"POST","path":"/login","query":"","ip":"::1","user-agent":"PostmanRuntime/7.43.3","errors":"","cost":0.0335599}
{"level":"ERROR","time":"2025-03-31T10:35:10.579+0800","caller":"controller/user.go:80","msg":"logic.Login failed","username":"TingyuSleep1","error":"用户不存在"}
{"level":"INFO","time":"2025-03-31T10:35:10.606+0800","caller":"logger/logger.go:81","msg":"/login","status":200,"method":"POST","path":"/login","query":"","ip":"::1","user-agent":"PostmanRuntime/7.43.3","errors":"","cost":0.033795}
{"level":"INFO","time":"2025-03-31T10:35:20.060+0800","caller":"logger/logger.go:81","msg":"/login","status":200,"method":"POST","path":"/login","query":"","ip":"::1","user-agent":"PostmanRuntime/7.43.3","errors":"","cost":0.0037356}
{"level":"INFO","time":"2025-03-31T15:30:34.258+0800","caller":"logger/logger.go:81","msg":"/login","status":200,"method":"POST","path":"/login","query":"","ip":"::1","user-agent":"PostmanRuntime/7.43.3","errors":"","cost":0.013996}
